2021-12-07 20:55:50,420 INFO Начался ввод координат k,l,m,n
2021-12-07 20:55:54,029 INFO Началась проверка на цвет полей
2021-12-07 20:55:54,029 INFO Началась проверка на совпадение цвета полей
2021-12-07 20:55:54,029 INFO Началcя выбор фигуры
2021-12-07 20:55:56,762 INFO Начался блок при выборе ладьи
2021-12-07 20:55:56,763 INFO Началась функция ladya
2021-12-07 20:55:56,763 INFO Началась функция l_output
2021-12-07 20:55:57,764 INFO Программа завершилась
2021-12-07 20:56:04,216 INFO Начался ввод координат k,l,m,n
2021-12-07 20:56:22,617 INFO Началась проверка на цвет полей
2021-12-07 20:56:22,617 INFO Началась проверка на совпадение цвета полей
2021-12-07 20:56:22,618 INFO Началcя выбор фигуры
2021-12-07 20:56:23,745 INFO Начался блок при выборе слона
2021-12-07 20:56:23,745 INFO Началась функция slon
2021-12-07 20:56:23,745 INFO Началась функция s_output
2021-12-07 20:56:25,052 INFO Программа завершилась
2021-12-07 20:56:30,658 INFO Начался ввод координат k,l,m,n
2021-12-07 20:56:33,141 ERROR Ошибка некорректного ввода
2021-12-07 20:56:36,932 ERROR Ошибка некорректного ввода
2021-12-07 20:56:40,963 INFO Началась проверка на цвет полей
2021-12-07 20:56:40,963 INFO Началась проверка на совпадение цвета полей
2021-12-07 20:56:40,963 INFO Началcя выбор фигуры
2021-12-07 20:56:44,100 INFO Начался блок при выборе ферзя
2021-12-07 20:56:44,101 INFO Началась функция ferz
2021-12-07 20:56:44,101 INFO Началась функция f_output
2021-12-07 20:56:45,234 INFO Программа завершилась
2021-12-07 20:56:49,416 INFO Начался ввод координат k,l,m,n
2021-12-07 20:56:52,505 ERROR Ошибка некорректного ввода
2021-12-07 20:57:00,472 INFO Началась проверка на цвет полей
2021-12-07 20:57:00,472 INFO Началась проверка на совпадение цвета полей
2021-12-07 20:57:00,472 INFO Началcя выбор фигуры
2021-12-07 20:57:01,908 INFO Начался блок при выборе коня
2021-12-07 20:57:01,909 INFO Началась функция kon
2021-12-07 20:57:01,909 INFO Началась функция k_output
2021-12-07 20:57:03,666 INFO Программа завершилась
